  Game.cpp
c:\users\petr\source\repos\game\game\game.cpp(14): warning C4244: аргумент: преобразование "time_t" в "unsigned int", возможна потеря данных
c:\users\petr\source\repos\game\game\game.cpp(20): warning C4244: =: преобразование "int" в "T", возможна потеря данных
          with
          [
              T=float
          ]
c:\users\petr\source\repos\game\game\game.cpp(21): warning C4244: =: преобразование "int" в "T", возможна потеря данных
          with
          [
              T=float
          ]
c:\users\petr\source\repos\game\game\game.cpp(65): warning C4244: =: преобразование "int" в "T", возможна потеря данных
          with
          [
              T=float
          ]
c:\users\petr\source\repos\game\game\game.cpp(66): warning C4244: =: преобразование "int" в "T", возможна потеря данных
          with
          [
              T=float
          ]
c:\users\petr\source\repos\game\game\game.cpp(94): warning C4018: <: несоответствие типов со знаком и без знака
  Создание кода
  1 of 246 functions ( 0.4%) were compiled, the rest were copied from previous compilation.
    0 functions were new in current compilation
    0 functions had inline decision re-evaluated but remain unchanged
  Создание кода завершено
  Game.vcxproj -> C:\Users\Petr\source\repos\Game\Release\Game.exe
